This is pdfTeX, Version 3.141592653-2.6-1.40.22 (TeX Live 2022/dev/Debian) (preloaded format=pdflatex 2023.6.9)  14 JAN 2024 15:20
entering extended mode
 restricted \write18 enabled.
 %&-line parsing enabled.
**refman
(./refman.tex
LaTeX2e <2021-11-15> patch level 1
L3 programming layer <2022-01-21>
(/usr/share/texlive/texmf-dist/tex/latex/base/book.cls
Document Class: book 2021/10/04 v1.4n Standard LaTeX document class
(/usr/share/texlive/texmf-dist/tex/latex/base/bk10.clo
File: bk10.clo 2021/10/04 v1.4n Standard LaTeX file (size option)
)
\c@part=\count185
\c@chapter=\count186
\c@section=\count187
\c@subsection=\count188
\c@subsubsection=\count189
\c@paragraph=\count190
\c@subparagraph=\count191
\c@figure=\count192
\c@table=\count193
\abovecaptionskip=\skip47
\belowcaptionskip=\skip48
\bibindent=\dimen138
)
(/usr/share/texlive/texmf-dist/tex/latex/base/ifthen.sty
Package: ifthen 2020/11/24 v1.1c Standard LaTeX ifthen package (DPC)
)
(/usr/share/texlive/texmf-dist/tex/latex/tools/array.sty
Rollback for package 'array' requested -> date 2016-10-06.
         Best approximation is the release introduced on 2016-10-06.

(/usr/share/texlive/texmf-dist/tex/latex/tools/array-2016-10-06.sty
Package: array 2016/10/06 v2.4d Tabular extension package (FMi)
\col@sep=\dimen139
\extrarowheight=\dimen140
\NC@list=\toks16
\extratabsurround=\skip49
\backup@length=\skip50
))
(/usr/share/texlive/texmf-dist/tex/latex/base/fixltx2e.sty
Package: fixltx2e 2016/12/29 v2.1a fixes to LaTeX (obsolete)
Applying: [2015/01/01] Old fixltx2e package on input line 46.


Package fixltx2e Warning: fixltx2e is not required with releases after 2015
(fixltx2e)                All fixes are now in the LaTeX kernel.
(fixltx2e)                See the latexrelease package for details.

Already applied: [0000/00/00] Old fixltx2e package on input line 53.
) (./doxygen.sty
Package: doxygen 
 (/usr/share/texlive/texmf-dist/tex/latex/base/alltt.sty
Package: alltt 2021/01/29 v2.0g defines alltt environment
)
(/usr/share/texlive/texmf-dist/tex/latex/tools/calc.sty
Package: calc 2017/05/25 v4.3 Infix arithmetic (KKT,FJ)
\calc@Acount=\count194
\calc@Bcount=\count195
\calc@Adimen=\dimen141
\calc@Bdimen=\dimen142
\calc@Askip=\skip51
\calc@Bskip=\skip52
LaTeX Info: Redefining \setlength on input line 80.
LaTeX Info: Redefining \addtolength on input line 81.
\calc@Ccount=\count196
\calc@Cskip=\skip53
)
(/usr/share/texlive/texmf-dist/tex/latex/float/float.sty
Package: float 2001/11/08 v1.3d Float enhancements (AL)
\c@float@type=\count197
\float@exts=\toks17
\float@box=\box50
\@float@everytoks=\toks18
\@floatcapt=\box51
)
(/usr/share/texlive/texmf-dist/tex/latex/tools/verbatim.sty
Package: verbatim 2020-07-07 v1.5u LaTeX2e package for verbatim enhancements
\every@verbatim=\toks19
\verbatim@line=\toks20
\verbatim@in@stream=\read2
)
(/usr/share/texlive/texmf-dist/tex/latex/xcolor/xcolor.sty
Package: xcolor 2021/10/31 v2.13 LaTeX color extensions (UK)

(/usr/share/texlive/texmf-dist/tex/latex/graphics-cfg/color.cfg
File: color.cfg 2016/01/02 v1.6 sample color configuration
)
Package xcolor Info: Driver file: pdftex.def on input line 227.

(/usr/share/texlive/texmf-dist/tex/latex/graphics-def/pdftex.def
File: pdftex.def 2020/10/05 v1.2a Graphics/color driver for pdftex
)
(/usr/share/texlive/texmf-dist/tex/latex/colortbl/colortbl.sty
Package: colortbl 2020/01/04 v1.0e Color table columns (DPC)
\everycr=\toks21
\minrowclearance=\skip54
)
\rownum=\count198
Package xcolor Info: Model `cmy' substituted by `cmy0' on input line 1352.
Package xcolor Info: Model `hsb' substituted by `rgb' on input line 1356.
Package xcolor Info: Model `RGB' extended on input line 1368.
Package xcolor Info: Model `HTML' substituted by `rgb' on input line 1370.
Package xcolor Info: Model `Hsb' substituted by `hsb' on input line 1371.
Package xcolor Info: Model `tHsb' substituted by `hsb' on input line 1372.
Package xcolor Info: Model `HSB' substituted by `hsb' on input line 1373.
Package xcolor Info: Model `Gray' substituted by `gray' on input line 1374.
Package xcolor Info: Model `wave' substituted by `hsb' on input line 1375.
)
(./longtable_doxygen.sty
Package: longtable_doxygen 2014/10/28 v4.11 Multi-page Table package (DPC) - fr
ozen version for doxygen
\LTleft=\skip55
\LTright=\skip56
\LTpre=\skip57
\LTpost=\skip58
\LTchunksize=\count199
\LTcapwidth=\dimen143
\LT@head=\box52
\LT@firsthead=\box53
\LT@foot=\box54
\LT@lastfoot=\box55
\LT@cols=\count266
\LT@rows=\count267
\c@LT@tables=\count268
\c@LT@chunks=\count269
\LT@p@ftn=\toks22
) (./tabu_doxygen.sty
Package: tabu_doxygen 2011/02/26 v2.8 - flexible LaTeX tabulars (FC), frozen ve
rsion for doxygen

(/usr/share/texlive/texmf-dist/tex/latex/varwidth/varwidth.sty
Package: varwidth 2009/03/30 ver 0.92;  Variable-width minipages
\@vwid@box=\box56
\sift@deathcycles=\count270
\@vwid@loff=\dimen144
\@vwid@roff=\dimen145
)
\c@taburow=\count271
\tabu@nbcols=\count272
\tabu@cnt=\count273
\tabu@Xcol=\count274
\tabu@alloc=\count275
\tabu@nested=\count276
\tabu@target=\dimen146
\tabu@spreadtarget=\dimen147
\tabu@naturalX=\dimen148
\tabucolX=\dimen149
\tabu@Xsum=\dimen150
\extrarowdepth=\dimen151
\abovetabulinesep=\dimen152
\belowtabulinesep=\dimen153
\tabustrutrule=\dimen154
\tabu@thebody=\toks23
\tabu@footnotes=\toks24
\tabu@box=\box57
\tabu@arstrutbox=\box58
\tabu@hleads=\box59
\tabu@vleads=\box60
\tabu@cellskip=\skip59
)
(/usr/share/texlive/texmf-dist/tex/latex/fancyvrb/fancyvrb.sty
Package: fancyvrb 2021/12/21 4.1b verbatim text (tvz,hv)

(/usr/share/texlive/texmf-dist/tex/latex/graphics/keyval.sty
Package: keyval 2014/10/28 v1.15 key=value parser (DPC)
\KV@toks@=\toks25
)
\FV@CodeLineNo=\count277
\FV@InFile=\read3
\FV@TabBox=\box61
\c@FancyVerbLine=\count278
\FV@StepNumber=\count279
\FV@OutFile=\write3
)
(/usr/share/texlive/texmf-dist/tex/latex/tools/tabularx.sty
Package: tabularx 2020/01/15 v2.11c `tabularx' package (DPC)
\TX@col@width=\dimen155
\TX@old@table=\dimen156
\TX@old@col=\dimen157
\TX@target=\dimen158
\TX@delta=\dimen159
\TX@cols=\count280
\TX@ftn=\toks26
)
(/usr/share/texlive/texmf-dist/tex/latex/tools/multicol.sty
Package: multicol 2021/10/28 v1.9b multicolumn formatting (FMi)
\c@tracingmulticols=\count281
\mult@box=\box62
\multicol@leftmargin=\dimen160
\c@unbalance=\count282
\c@collectmore=\count283
\doublecol@number=\count284
\multicoltolerance=\count285
\multicolpretolerance=\count286
\full@width=\dimen161
\page@free=\dimen162
\premulticols=\dimen163
\postmulticols=\dimen164
\multicolsep=\skip60
\multicolbaselineskip=\skip61
\partial@page=\box63
\last@line=\box64
\maxbalancingoverflow=\dimen165
\mult@rightbox=\box65
\mult@grightbox=\box66
\mult@firstbox=\box67
\mult@gfirstbox=\box68
\@tempa=\box69
\@tempa=\box70
\@tempa=\box71
\@tempa=\box72
\@tempa=\box73
\@tempa=\box74
\@tempa=\box75
\@tempa=\box76
\@tempa=\box77
\@tempa=\box78
\@tempa=\box79
\@tempa=\box80
\@tempa=\box81
\@tempa=\box82
\@tempa=\box83
\@tempa=\box84
\@tempa=\box85
\@tempa=\box86
\@tempa=\box87
\@tempa=\box88
\@tempa=\box89
\@tempa=\box90
\@tempa=\box91
\@tempa=\box92
\@tempa=\box93
\@tempa=\box94
\@tempa=\box95
\@tempa=\box96
\@tempa=\box97
\@tempa=\box98
\@tempa=\box99
\@tempa=\box100
\@tempa=\box101
\@tempa=\box102
\@tempa=\box103
\@tempa=\box104
\c@minrows=\count287
\c@columnbadness=\count288
\c@finalcolumnbadness=\count289
\last@try=\dimen166
\multicolovershoot=\dimen167
\multicolundershoot=\dimen168
\mult@nat@firstbox=\box105
\colbreak@box=\box106
\mc@col@check@num=\count290
)
(/usr/share/texlive/texmf-dist/tex/latex/multirow/multirow.sty
Package: multirow 2021/03/15 v2.8 Span multiple rows of a table
\multirow@colwidth=\skip62
\multirow@cntb=\count291
\multirow@dima=\skip63
\bigstrutjot=\dimen169
)
(/usr/share/texlive/texmf-dist/tex/latex/hanging/hanging.sty
Package: hanging 2009/09/02 v1.2b hanging paragraphs and punctuation
\h@ngcommawd=\skip64
\h@ngfstopwd=\skip65
\h@ngquotewd=\skip66
\h@ngdquotewd=\skip67
\h@ngquerywd=\skip68
\h@ngexclwd=\skip69
\h@ngcolonwd=\skip70
\h@ngscolonwd=\skip71
)
(/usr/share/texlive/texmf-dist/tex/generic/iftex/ifpdf.sty
Package: ifpdf 2019/10/25 v3.4 ifpdf legacy package. Use iftex instead.

(/usr/share/texlive/texmf-dist/tex/generic/iftex/iftex.sty
Package: iftex 2020/03/06 v1.0d TeX engine tests
))
(/usr/share/texlive/texmf-dist/tex/latex/adjustbox/adjustbox.sty
Package: adjustbox 2020/08/19 v1.3 Adjusting TeX boxes (trim, clip, ...)

(/usr/share/texlive/texmf-dist/tex/latex/xkeyval/xkeyval.sty
Package: xkeyval 2020/11/20 v2.8 package option processing (HA)

(/usr/share/texlive/texmf-dist/tex/generic/xkeyval/xkeyval.tex
(/usr/share/texlive/texmf-dist/tex/generic/xkeyval/xkvutils.tex
\XKV@toks=\toks27
\XKV@tempa@toks=\toks28
)
\XKV@depth=\count292
File: xkeyval.tex 2014/12/03 v2.7a key=value parser (HA)
))
(/usr/share/texlive/texmf-dist/tex/latex/adjustbox/adjcalc.sty
Package: adjcalc 2012/05/16 v1.1 Provides advanced setlength with multiple back
-ends (calc, etex, pgfmath)
)
(/usr/share/texlive/texmf-dist/tex/latex/adjustbox/trimclip.sty
Package: trimclip 2020/08/19 v1.2 Trim and clip general TeX material

(/usr/share/texlive/texmf-dist/tex/latex/graphics/graphicx.sty
Package: graphicx 2021/09/16 v1.2d Enhanced LaTeX Graphics (DPC,SPQR)

(/usr/share/texlive/texmf-dist/tex/latex/graphics/graphics.sty
Package: graphics 2021/03/04 v1.4d Standard LaTeX Graphics (DPC,SPQR)

(/usr/share/texlive/texmf-dist/tex/latex/graphics/trig.sty
Package: trig 2021/08/11 v1.11 sin cos tan (DPC)
)
(/usr/share/texlive/texmf-dist/tex/latex/graphics-cfg/graphics.cfg
File: graphics.cfg 2016/06/04 v1.11 sample graphics configuration
)
Package graphics Info: Driver file: pdftex.def on input line 107.
)
\Gin@req@height=\dimen170
\Gin@req@width=\dimen171
)
(/usr/share/texlive/texmf-dist/tex/latex/collectbox/collectbox.sty
Package: collectbox 2012/05/17 v0.4b Collect macro arguments as boxes
\collectedbox=\box107
)
\tc@llx=\dimen172
\tc@lly=\dimen173
\tc@urx=\dimen174
\tc@ury=\dimen175
Package trimclip Info: Using driver 'tc-pdftex.def'.

(/usr/share/texlive/texmf-dist/tex/latex/adjustbox/tc-pdftex.def
File: tc-pdftex.def 2019/01/04 v2.2 Clipping driver for pdftex
))
\adjbox@Width=\dimen176
\adjbox@Height=\dimen177
\adjbox@Depth=\dimen178
\adjbox@Totalheight=\dimen179
\adjbox@pwidth=\dimen180
\adjbox@pheight=\dimen181
\adjbox@pdepth=\dimen182
\adjbox@ptotalheight=\dimen183

(/usr/share/texlive/texmf-dist/tex/latex/ifoddpage/ifoddpage.sty
Package: ifoddpage 2016/04/23 v1.1 Conditionals for odd/even page detection
\c@checkoddpage=\count293
))
(/usr/share/texlive/texmf-dist/tex/latex/amsfonts/amssymb.sty
Package: amssymb 2013/01/14 v3.01 AMS font symbols

(/usr/share/texlive/texmf-dist/tex/latex/amsfonts/amsfonts.sty
Package: amsfonts 2013/01/14 v3.01 Basic AMSFonts support
\@emptytoks=\toks29
\symAMSa=\mathgroup4
\symAMSb=\mathgroup5
LaTeX Font Info:    Redeclaring math symbol \hbar on input line 98.
LaTeX Font Info:    Overwriting math alphabet `\mathfrak' in version `bold'
(Font)                  U/euf/m/n --> U/euf/b/n on input line 106.
))
(/usr/share/texlive/texmf-dist/tex/latex/stackengine/stackengine.sty
Package: stackengine 2021/07/22 v4.11\ Stacking text and objects in convenient 
ways

(/usr/share/texlive/texmf-dist/tex/latex/etoolbox/etoolbox.sty
Package: etoolbox 2020/10/05 v2.5k e-TeX tools for LaTeX (JAW)
\etb@tempcnta=\count294
)
(/usr/share/texlive/texmf-dist/tex/generic/listofitems/listofitems.sty
(/usr/share/texlive/texmf-dist/tex/generic/listofitems/listofitems.tex
\loi_cnt_foreach_nest=\count295
\loi_nestcnt=\count296
)
Package: listofitems 2019/08/21 v1.63 Grab items in lists using user-specified 
sep char (CT)
)
\c@@stackindex=\count297
\@boxshift=\skip72
\stack@tmplength=\skip73
\temp@stkl=\skip74
\@stackedboxwidth=\skip75
\@addedbox=\box108
\@anchorbox=\box109
\@insetbox=\box110
\se@backgroundbox=\box111
\stackedbox=\box112
\@centerbox=\box113
\c@ROWcellindex@=\count298
)
(/usr/share/texlive/texmf-dist/tex/generic/ulem/ulem.sty
\UL@box=\box114
\UL@hyphenbox=\box115
\UL@skip=\skip76
\UL@hook=\toks30
\UL@height=\dimen184
\UL@pe=\count299
\UL@pixel=\dimen185
\ULC@box=\box116
Package: ulem 2019/11/18
\ULdepth=\dimen186
)
\xrefbox=\box117
\xreflength=\skip77
\CodeWidthChar=\skip78
\CodeHeightChar=\skip79
\DoxyCodeWidth=\skip80
)
(/usr/share/texlive/texmf-dist/tex/latex/base/inputenc.sty
Package: inputenc 2021/02/14 v1.3d Input encoding file
\inpenc@prehook=\toks31
\inpenc@posthook=\toks32
)
(/usr/share/texlive/texmf-dist/tex/latex/base/makeidx.sty
Package: makeidx 2021/10/04 v1.0m Standard LaTeX package
)
(/usr/share/texlive/texmf-dist/tex/latex/base/textcomp.sty
Package: textcomp 2020/02/02 v2.0n Standard LaTeX package
)
(/usr/share/texlive/texmf-dist/tex/latex/wasysym/wasysym.sty
Package: wasysym 2020/01/19 v2.4 Wasy-2 symbol support package
\symwasy=\mathgroup6
LaTeX Font Info:    Overwriting symbol font `wasy' in version `bold'
(Font)                  U/wasy/m/n --> U/wasy/b/n on input line 93.
)
(/usr/share/texlive/texmf-dist/tex/generic/iftex/ifxetex.sty
Package: ifxetex 2019/10/25 v0.7 ifxetex legacy package. Use iftex instead.
)
(/usr/share/texlive/texmf-dist/tex/latex/base/fontenc.sty
Package: fontenc 2021/04/29 v2.0v Standard LaTeX package
)
(/usr/share/texlive/texmf-dist/tex/latex/psnfss/helvet.sty
Package: helvet 2020/03/25 PSNFSS-v9.3 (WaS) 
)
(/usr/share/texlive/texmf-dist/tex/latex/psnfss/courier.sty
Package: courier 2020/03/25 PSNFSS-v9.3 (WaS) 
)
(/usr/share/texlive/texmf-dist/tex/latex/sectsty/sectsty.sty
Package: sectsty 2002/02/25 v2.0.2 Commands to change all sectional heading sty
les


LaTeX Warning: Command \underbar  has changed.
               Check if current package is valid.


LaTeX Warning: Command \underline  has changed.
               Check if current package is valid.

) (/usr/share/texlive/texmf-dist/tex/latex/geometry/geometry.sty
Package: geometry 2020/01/02 v5.9 Page Geometry

(/usr/share/texlive/texmf-dist/tex/generic/iftex/ifvtex.sty
Package: ifvtex 2019/10/25 v1.7 ifvtex legacy package. Use iftex instead.
)
\Gm@cnth=\count300
\Gm@cntv=\count301
\c@Gm@tempcnt=\count302
\Gm@bindingoffset=\dimen187
\Gm@wd@mp=\dimen188
\Gm@odd@mp=\dimen189
\Gm@even@mp=\dimen190
\Gm@layoutwidth=\dimen191
\Gm@layoutheight=\dimen192
\Gm@layouthoffset=\dimen193
\Gm@layoutvoffset=\dimen194
\Gm@dimlist=\toks33
)
(/usr/share/texlive/texmf-dist/tex/latex/fancyhdr/fancyhdr.sty
Package: fancyhdr 2021/01/28 v4.0.1 Extensive control of page headers and foote
rs
\f@nch@headwidth=\skip81
\f@nch@O@elh=\skip82
\f@nch@O@erh=\skip83
\f@nch@O@olh=\skip84
\f@nch@O@orh=\skip85
\f@nch@O@elf=\skip86
\f@nch@O@erf=\skip87
\f@nch@O@olf=\skip88
\f@nch@O@orf=\skip89
)
(/usr/share/texlive/texmf-dist/tex/latex/natbib/natbib.sty
Package: natbib 2010/09/13 8.31b (PWD, AO)
\bibhang=\skip90
\bibsep=\skip91
LaTeX Info: Redefining \cite on input line 694.
\c@NAT@ctr=\count303
)
(/usr/share/texlive/texmf-dist/tex/latex/tocloft/tocloft.sty
Package: tocloft 2017/08/31 v2.3i parameterised ToC, etc., typesetting
Package tocloft Info: The document has chapter divisions on input line 51.
\cftparskip=\skip92
\cftbeforetoctitleskip=\skip93
\cftaftertoctitleskip=\skip94
\cftbeforepartskip=\skip95
\cftpartnumwidth=\skip96
\cftpartindent=\skip97
\cftbeforechapskip=\skip98
\cftchapindent=\skip99
\cftchapnumwidth=\skip100
\cftbeforesecskip=\skip101
\cftsecindent=\skip102
\cftsecnumwidth=\skip103
\cftbeforesubsecskip=\skip104
\cftsubsecindent=\skip105
\cftsubsecnumwidth=\skip106
\cftbeforesubsubsecskip=\skip107
\cftsubsubsecindent=\skip108
\cftsubsubsecnumwidth=\skip109
\cftbeforeparaskip=\skip110
\cftparaindent=\skip111
\cftparanumwidth=\skip112
\cftbeforesubparaskip=\skip113
\cftsubparaindent=\skip114
\cftsubparanumwidth=\skip115
\cftbeforeloftitleskip=\skip116
\cftafterloftitleskip=\skip117
\cftbeforefigskip=\skip118
\cftfigindent=\skip119
\cftfignumwidth=\skip120
\c@lofdepth=\count304
\c@lotdepth=\count305
\cftbeforelottitleskip=\skip121
\cftafterlottitleskip=\skip122
\cftbeforetabskip=\skip123
\cfttabindent=\skip124
\cfttabnumwidth=\skip125
)
\@indexfile=\write4
\openout4 = `refman.idx'.


Writing index file refman.idx
(/usr/share/texlive/texmf-dist/tex/latex/newunicodechar/newunicodechar.sty
Package: newunicodechar 2018/04/08 v1.2 Defining Unicode characters
)

Package newunicodechar Warning: Redefining Unicode character on input line 115.



Package newunicodechar Warning: Redefining Unicode character on input line 116.


(/usr/share/texlive/texmf-dist/tex/latex/hyperref/hyperref.sty
Package: hyperref 2021-06-07 v7.00m Hypertext links for LaTeX

(/usr/share/texlive/texmf-dist/tex/generic/ltxcmds/ltxcmds.sty
Package: ltxcmds 2020-05-10 v1.25 LaTeX kernel commands for general use (HO)
)
(/usr/share/texlive/texmf-dist/tex/generic/pdftexcmds/pdftexcmds.sty
Package: pdftexcmds 2020-06-27 v0.33 Utility functions of pdfTeX for LuaTeX (HO
)

(/usr/share/texlive/texmf-dist/tex/generic/infwarerr/infwarerr.sty
Package: infwarerr 2019/12/03 v1.5 Providing info/warning/error messages (HO)
)
Package pdftexcmds Info: \pdf@primitive is available.
Package pdftexcmds Info: \pdf@ifprimitive is available.
Package pdftexcmds Info: \pdfdraftmode found.
)
(/usr/share/texlive/texmf-dist/tex/generic/kvsetkeys/kvsetkeys.sty
Package: kvsetkeys 2019/12/15 v1.18 Key value parser (HO)
)
(/usr/share/texlive/texmf-dist/tex/generic/kvdefinekeys/kvdefinekeys.sty
Package: kvdefinekeys 2019-12-19 v1.6 Define keys (HO)
)
(/usr/share/texlive/texmf-dist/tex/generic/pdfescape/pdfescape.sty
Package: pdfescape 2019/12/09 v1.15 Implements pdfTeX's escape features (HO)
)
(/usr/share/texlive/texmf-dist/tex/latex/hycolor/hycolor.sty
Package: hycolor 2020-01-27 v1.10 Color options for hyperref/bookmark (HO)
)
(/usr/share/texlive/texmf-dist/tex/latex/letltxmacro/letltxmacro.sty
Package: letltxmacro 2019/12/03 v1.6 Let assignment for LaTeX macros (HO)
)
(/usr/share/texlive/texmf-dist/tex/latex/auxhook/auxhook.sty
Package: auxhook 2019-12-17 v1.6 Hooks for auxiliary files (HO)
)
(/usr/share/texlive/texmf-dist/tex/latex/kvoptions/kvoptions.sty
Package: kvoptions 2020-10-07 v3.14 Key value format for package options (HO)
)
\@linkdim=\dimen195
\Hy@linkcounter=\count306
\Hy@pagecounter=\count307

(/usr/share/texlive/texmf-dist/tex/latex/hyperref/pd1enc.def
File: pd1enc.def 2021-06-07 v7.00m Hyperref: PDFDocEncoding definition (HO)
Now handling font encoding PD1 ...
... no UTF-8 mapping file for font encoding PD1
)
(/usr/share/texlive/texmf-dist/tex/latex/hyperref/hyperref-langpatches.def
File: hyperref-langpatches.def 2021-06-07 v7.00m Hyperref: patches for babel la
nguages
)
(/usr/share/texlive/texmf-dist/tex/generic/intcalc/intcalc.sty
Package: intcalc 2019/12/15 v1.3 Expandable calculations with integers (HO)
)
(/usr/share/texlive/texmf-dist/tex/generic/etexcmds/etexcmds.sty
Package: etexcmds 2019/12/15 v1.7 Avoid name clashes with e-TeX commands (HO)
)
\Hy@SavedSpaceFactor=\count308

(/usr/share/texlive/texmf-dist/tex/latex/hyperref/puenc.def
File: puenc.def 2021-06-07 v7.00m Hyperref: PDF Unicode definition (HO)
Now handling font encoding PU ...
... no UTF-8 mapping file for font encoding PU
)
Package hyperref Info: Hyper figures OFF on input line 4192.
Package hyperref Info: Link nesting OFF on input line 4197.
Package hyperref Info: Hyper index ON on input line 4200.
Package hyperref Info: Plain pages OFF on input line 4207.
Package hyperref Info: Backreferencing ON on input line 4210.
Package hyperref Info: Implicit mode ON; LaTeX internals redefined.
Package hyperref Info: Bookmarks ON on input line 4445.

(/usr/share/texlive/texmf-dist/tex/latex/hyperref/backref.sty
Package: backref 2021/02/04 v1.41 Bibliographical back referencing

(/usr/share/texlive/texmf-dist/tex/latex/rerunfilecheck/rerunfilecheck.sty
Package: rerunfilecheck 2019/12/05 v1.9 Rerun checks for auxiliary files (HO)

(/usr/share/texlive/texmf-dist/tex/latex/base/atveryend-ltx.sty
Package: atveryend-ltx 2020/08/19 v1.0a Emulation of the original atveryend pac
kage
with kernel methods
)
(/usr/share/texlive/texmf-dist/tex/generic/uniquecounter/uniquecounter.sty
Package: uniquecounter 2019/12/15 v1.4 Provide unlimited unique counter (HO)

(/usr/share/texlive/texmf-dist/tex/generic/bigintcalc/bigintcalc.sty
Package: bigintcalc 2019/12/15 v1.5 Expandable calculations on big integers (HO
)
))
Package uniquecounter Info: New unique counter `rerunfilecheck' on input line 2
86.
))
\c@Hy@tempcnt=\count309

(/usr/share/texlive/texmf-dist/tex/latex/url/url.sty
\Urlmuskip=\muskip16
Package: url 2013/09/16  ver 3.4  Verb mode for urls, etc.
)
LaTeX Info: Redefining \url on input line 4804.
\XeTeXLinkMargin=\dimen196

(/usr/share/texlive/texmf-dist/tex/generic/bitset/bitset.sty
Package: bitset 2019/12/09 v1.3 Handle bit-vector datatype (HO)
)
\Fld@menulength=\count310
\Field@Width=\dimen197
\Fld@charsize=\dimen198
Package hyperref Info: Hyper figures OFF on input line 6076.
Package hyperref Info: Link nesting OFF on input line 6081.
Package hyperref Info: Hyper index ON on input line 6084.
Package hyperref Info: backreferencing ON on input line 6089.
Package hyperref Info: Link coloring OFF on input line 6096.
Package hyperref Info: Link coloring with OCG OFF on input line 6101.
Package hyperref Info: PDF/A mode OFF on input line 6106.
LaTeX Info: Redefining \ref on input line 6146.
LaTeX Info: Redefining \pageref on input line 6150.

(/usr/share/texlive/texmf-dist/tex/latex/base/atbegshi-ltx.sty
Package: atbegshi-ltx 2021/01/10 v1.0c Emulation of the original atbegshi
package with kernel methods
)
\Hy@abspage=\count311
\c@Item=\count312
\c@Hfootnote=\count313


LaTeX Warning: Command \LT@p@ftntext  has changed.
               Check if current package is valid.

)
Package hyperref Info: Driver: hpdftex.
 (/usr/share/texlive/texmf-dist/tex/latex/hyperref/hpdftex.def
File: hpdftex.def 2021-06-07 v7.00m Hyperref driver for pdfTeX
\Fld@listcount=\count314
\c@bookmark@seq@number=\count315
\Hy@SectionHShift=\skip126
)
Package hyperref Info: Option `colorlinks' set `true' on input line 134.
Package hyperref Info: Option `unicode' set `true' on input line 134.

(/usr/share/texlive/texmf-dist/tex/latex/caption/caption.sty
Package: caption 2020/10/26 v3.5g Customizing captions (AR)

(/usr/share/texlive/texmf-dist/tex/latex/caption/caption3.sty
Package: caption3 2020/10/21 v2.2e caption3 kernel (AR)
\captionmargin=\dimen199
\captionmargin@=\dimen256
\captionwidth=\dimen257
\caption@tempdima=\dimen258
\caption@indent=\dimen259
\caption@parindent=\dimen260
\caption@hangindent=\dimen261
Package caption Info: Standard document class detected.
)
\c@caption@flags=\count316
\c@continuedfloat=\count317
Package caption Info: float package is loaded.
Package caption Info: hyperref package is loaded.
Package caption Info: longtable package is loaded.

(/usr/share/texlive/texmf-dist/tex/latex/caption/ltcaption.sty
Package: ltcaption 2020/05/30 v1.4b longtable captions (AR)
))
(/usr/share/texlive/texmf-dist/tex/latex/etoc/etoc.sty
Package: etoc 2021/09/23 v1.09e Completely customisable TOCs (JFB)
\Etoc@toctoks=\toks34
\c@etoc@tocid=\count318
\c@etoc@tocdepth=\count319
\etoc@framed@titlebox=\box118
\etoc@framed@contentsbox=\box119
)
LaTeX Font Info:    Trying to load font information for T1+phv on input line 14
9.

(/usr/share/texlive/texmf-dist/tex/latex/psnfss/t1phv.fd
File: t1phv.fd 2020/03/25 scalable font definitions for T1/phv.
)
LaTeX Font Info:    Font shape `T1/phv/m/n' will be
(Font)              scaled to size 8.99994pt on input line 149.

(/usr/share/texlive/texmf-dist/tex/latex/l3backend/l3backend-pdftex.def
File: l3backend-pdftex.def 2022-01-12 L3 backend support: PDF output (pdfTeX)
\l__color_backend_stack_int=\count320
\l__pdf_internal_box=\box120
)
(./refman.aux)
\openout1 = `refman.aux'.

LaTeX Font Info:    Checking defaults for OML/cmm/m/it on input line 149.
LaTeX Font Info:    ... okay on input line 149.
LaTeX Font Info:    Checking defaults for OMS/cmsy/m/n on input line 149.
LaTeX Font Info:    ... okay on input line 149.
LaTeX Font Info:    Checking defaults for OT1/cmr/m/n on input line 149.
LaTeX Font Info:    ... okay on input line 149.
LaTeX Font Info:    Checking defaults for T1/cmr/m/n on input line 149.
LaTeX Font Info:    ... okay on input line 149.
LaTeX Font Info:    Checking defaults for TS1/cmr/m/n on input line 149.
LaTeX Font Info:    ... okay on input line 149.
LaTeX Font Info:    Checking defaults for OMX/cmex/m/n on input line 149.
LaTeX Font Info:    ... okay on input line 149.
LaTeX Font Info:    Checking defaults for U/cmr/m/n on input line 149.
LaTeX Font Info:    ... okay on input line 149.
LaTeX Font Info:    Checking defaults for PD1/pdf/m/n on input line 149.
LaTeX Font Info:    ... okay on input line 149.
LaTeX Font Info:    Checking defaults for PU/pdf/m/n on input line 149.
LaTeX Font Info:    ... okay on input line 149.

(/usr/share/texlive/texmf-dist/tex/context/base/mkii/supp-pdf.mkii
[Loading MPS to PDF converter (version 2006.09.02).]
\scratchcounter=\count321
\scratchdimen=\dimen262
\scratchbox=\box121
\nofMPsegments=\count322
\nofMParguments=\count323
\everyMPshowfont=\toks35
\MPscratchCnt=\count324
\MPscratchDim=\dimen263
\MPnumerator=\count325
\makeMPintoPDFobject=\count326
\everyMPtoPDFconversion=\toks36
) (/usr/share/texlive/texmf-dist/tex/latex/epstopdf-pkg/epstopdf-base.sty
Package: epstopdf-base 2020-01-24 v2.11 Base part for package epstopdf
Package epstopdf-base Info: Redefining graphics rule for `.eps' on input line 4
85.

(/usr/share/texlive/texmf-dist/tex/latex/latexconfig/epstopdf-sys.cfg
File: epstopdf-sys.cfg 2010/07/13 v1.3 Configuration of (r)epstopdf for TeX Liv
e
))
*geometry* driver: auto-detecting
*geometry* detected driver: pdftex
*geometry* verbose mode - [ preamble ] result:
* driver: pdftex
* paper: a4paper
* layout: <same size as paper>
* layoutoffset:(h,v)=(0.0pt,0.0pt)
* modes: twoside 
* h-part:(L,W,R)=(71.13188pt, 455.24411pt, 71.13188pt)
* v-part:(T,H,B)=(71.13188pt, 702.78308pt, 71.13188pt)
* \paperwidth=597.50787pt
* \paperheight=845.04684pt
* \textwidth=455.24411pt
* \textheight=702.78308pt
* \oddsidemargin=-1.1381pt
* \evensidemargin=-1.1381pt
* \topmargin=-31.2056pt
* \headheight=12.0pt
* \headsep=18.06749pt
* \topskip=10.0pt
* \footskip=25.29494pt
* \marginparwidth=125.0pt
* \marginparsep=7.0pt
* \columnsep=10.0pt
* \skip\footins=9.0pt plus 4.0pt minus 2.0pt
* \hoffset=0.0pt
* \voffset=0.0pt
* \mag=1000
* \@twocolumnfalse
* \@twosidetrue
* \@mparswitchtrue
* \@reversemarginfalse
* (1in=72.27pt=25.4mm, 1cm=28.453pt)

Package hyperref Info: Link coloring ON on input line 149.
(/usr/share/texlive/texmf-dist/tex/latex/hyperref/nameref.sty
Package: nameref 2021-04-02 v2.47 Cross-referencing by name of section

(/usr/share/texlive/texmf-dist/tex/latex/refcount/refcount.sty
Package: refcount 2019/12/15 v3.6 Data extraction from label references (HO)
)
(/usr/share/texlive/texmf-dist/tex/generic/gettitlestring/gettitlestring.sty
Package: gettitlestring 2019/12/15 v1.6 Cleanup title references (HO)
)
\c@section@level=\count327
)
LaTeX Info: Redefining \ref on input line 149.
LaTeX Info: Redefining \pageref on input line 149.
LaTeX Info: Redefining \nameref on input line 149.

(./refman.out) (./refman.out)
\@outlinefile=\write5
\openout5 = `refman.out'.

Package backref Info: ** backref set up for natbib ** on input line 149.
Package caption Info: Begin \AtBeginDocument code.
Package caption Info: End \AtBeginDocument code.
\Etoc@tf=\read4
Package hyperref Info: Option `pageanchor' set `false' on input line 156.
Package hyperref Info: Option `bookmarksnumbered' set `true' on input line 156.

Package hyperref Info: Option `unicode' set `true' on input line 156.
LaTeX Font Info:    Font shape `T1/phv/m/n' will be
(Font)              scaled to size 12.9599pt on input line 161.
LaTeX Font Info:    Font shape `T1/phv/m/n' will be
(Font)              scaled to size 6.29996pt on input line 161.
LaTeX Font Info:    Trying to load font information for U+msa on input line 161
.

(/usr/share/texlive/texmf-dist/tex/latex/amsfonts/umsa.fd
File: umsa.fd 2013/01/14 v3.01 AMS symbols A
)
LaTeX Font Info:    Trying to load font information for U+msb on input line 161
.

(/usr/share/texlive/texmf-dist/tex/latex/amsfonts/umsb.fd
File: umsb.fd 2013/01/14 v3.01 AMS symbols B
)
LaTeX Font Info:    Trying to load font information for U+wasy on input line 16
1.

(/usr/share/texlive/texmf-dist/tex/latex/wasysym/uwasy.fd
File: uwasy.fd 2020/01/19 v2.4 Wasy-2 symbol font definitions
)
LaTeX Font Info:    Font shape `T1/phv/m/n' will be
(Font)              scaled to size 10.79993pt on input line 163.
 [1


{/var/lib/texmf/fonts/map/pdftex/updmap/pdftex.map}] [2

]
\tf@toc=\write6
\openout6 = `refman.toc'.

LaTeX Font Info:    Font shape `T1/phv/b/n' will be
(Font)              scaled to size 8.99994pt on input line 169.
LaTeX Font Info:    Font shape `T1/phv/m/n' will be
(Font)              scaled to size 7.19995pt on input line 169.
LaTeX Font Info:    Trying to load font information for T1+pcr on input line 16
9.

(/usr/share/texlive/texmf-dist/tex/latex/psnfss/t1pcr.fd
File: t1pcr.fd 2001/06/04 font definitions for T1/pcr.
)
LaTeX Font Info:    Font shape `T1/phv/b/n' will be
(Font)              scaled to size 6.29996pt on input line 169.
 [1] [2] [3] [4]
[5] [6] [7] [8]
Package hyperref Info: Option `pageanchor' set `true' on input line 171.

Chapter 1.
LaTeX Font Info:    Font shape `T1/phv/m/n' will be
(Font)              scaled to size 18.66588pt on input line 174.
LaTeX Font Info:    Font shape `T1/phv/b/n' will be
(Font)              scaled to size 18.66588pt on input line 174.
LaTeX Font Info:    Font shape `T1/phv/bc/n' will be
(Font)              scaled to size 18.66588pt on input line 174.
LaTeX Font Info:    Font shape `T1/phv/m/n' will be
(Font)              scaled to size 22.39185pt on input line 174.
LaTeX Font Info:    Font shape `T1/phv/b/n' will be
(Font)              scaled to size 22.39185pt on input line 174.
LaTeX Font Info:    Font shape `T1/phv/bc/n' will be
(Font)              scaled to size 22.39185pt on input line 174.
(./d0/d30/md_README.tex
LaTeX Font Info:    Font shape `T1/phv/b/n' will be
(Font)              scaled to size 12.9599pt on input line 1.
LaTeX Font Info:    Font shape `T1/phv/b/n' will be
(Font)              scaled to size 10.79993pt on input line 2.
) [1


] [2

]
Chapter 2.
(./hierarchy.tex [3]) [4]
Chapter 3.
(./annotated.tex [5

]) [6]
Chapter 4.
(./d0/d7b/classArchetypes.tex
LaTeX Font Info:    Trying to load font information for TS1+phv on input line 7
.

(/usr/share/texlive/texmf-dist/tex/latex/psnfss/ts1phv.fd
File: ts1phv.fd 2020/03/25 scalable font definitions for TS1/phv.
)
LaTeX Font Info:    Font shape `TS1/phv/m/n' will be
(Font)              scaled to size 8.99994pt on input line 7.
)
(./d2/d37/classColor.tex <./d6/d86/classColor__coll__graph.pdf

pdfTeX warning: pdflatex (file ./d6/d86/classColor__coll__graph.pdf): PDF inclu
sion: multiple pdfs with page group included in a single page
>
<d6/d86/classColor__coll__graph.pdf, id=1759, 190.7125pt x 179.67125pt>
File: d6/d86/classColor__coll__graph.pdf Graphic file (type pdf)
<use d6/d86/classColor__coll__graph.pdf>
Package pdftex.def Info: d6/d86/classColor__coll__graph.pdf  used on input line
 18.
(pdftex.def)             Requested size: 190.0pt x 179.00732pt.
LaTeX Font Info:    Font shape `T1/phv/m/n' will be
(Font)              scaled to size 8.09995pt on input line 25.
LaTeX Font Info:    Font shape `T1/phv/m/it' in size <9> not available
(Font)              Font shape `T1/phv/m/sl' tried instead on input line 25.
LaTeX Font Info:    Font shape `T1/phv/m/sl' will be
(Font)              scaled to size 8.09995pt on input line 25.
LaTeX Font Info:    Font shape `T1/phv/m/it' in size <7> not available
(Font)              Font shape `T1/phv/m/sl' tried instead on input line 27.
LaTeX Font Info:    Font shape `T1/phv/m/sl' will be
(Font)              scaled to size 6.29996pt on input line 27.
 [7

]
LaTeX Font Info:    Font shape `T1/phv/b/n' will be
(Font)              scaled to size 7.19995pt on input line 94.
 [8]
Underfull \hbox (badness 10000) detected at line 110
[][][]
 []

LaTeX Font Info:    Font shape `T1/pcr/m/it' in size <8> not available
(Font)              Font shape `T1/pcr/m/sl' tried instead on input line 117.
LaTeX Font Info:    Font shape `T1/pcr/m/it' in size <7> not available
(Font)              Font shape `T1/pcr/m/sl' tried instead on input line 117.

Underfull \hbox (badness 10000) detected at line 128
[][][]
 []

[9]
Underfull \hbox (badness 10000) detected at line 146
[][][]
 []


Underfull \hbox (badness 10000) detected at line 167
[][][]
 []


Underfull \hbox (badness 10000) detected at line 185
[][][]
 []

[10]
Underfull \hbox (badness 10000) detected at line 203
[][][]
 []


Underfull \hbox (badness 10000) detected at line 221
[][][]
 []


Underfull \hbox (badness 10000) detected at line 239
[][][]
 []

[11]
Underfull \hbox (badness 10000) detected at line 257
[][][]
 []


Underfull \hbox (badness 10000) detected at line 275
[][][]
 []


Underfull \hbox (badness 10000) detected at line 293
[][][]
 []

[12]
Underfull \hbox (badness 10000) detected at line 311
[][][]
 []


Underfull \hbox (badness 10000) detected at line 329
[][][]
 []

) (./db/d46/classComponents.tex <./d7/da3/classComponents__inherit__graph.pdf

pdfTeX warning: pdflatex (file ./d7/da3/classComponents__inherit__graph.pdf): P
DF inclusion: multiple pdfs with page group included in a single page
>
<d7/da3/classComponents__inherit__graph.pdf, id=1905, 361.35pt x 325.215pt>
File: d7/da3/classComponents__inherit__graph.pdf Graphic file (type pdf)
<use d7/da3/classComponents__inherit__graph.pdf>
Package pdftex.def Info: d7/da3/classComponents__inherit__graph.pdf  used on in
put line 18.
(pdftex.def)             Requested size: 350.0pt x 315.00163pt.
 [13] [14]
Underfull \hbox (badness 10000) detected at line 57
[][][]
 []


Underfull \hbox (badness 10000) detected at line 75
[][][]
 []


Underfull \hbox (badness 10000) detected at line 96
[][][]
 []

[15]
Underfull \hbox (badness 10000) detected at line 118
[][][]
 []


Underfull \hbox (badness 10000) detected at line 140
[][][]
 []

) (./d2/db3/classDrawableComponent.tex <./d7/d93/classDrawableComponent__inheri
t__graph.pdf

pdfTeX warning: pdflatex (file ./d7/d93/classDrawableComponent__inherit__graph.
pdf): PDF inclusion: multiple pdfs with page group included in a single page
>
<d7/d93/classDrawableComponent__inherit__graph.pdf, id=1979, 188.705pt x 156.58
5pt>
File: d7/d93/classDrawableComponent__inherit__graph.pdf Graphic file (type pdf)

<use d7/d93/classDrawableComponent__inherit__graph.pdf>
Package pdftex.def Info: d7/d93/classDrawableComponent__inherit__graph.pdf  use
d on input line 18.
(pdftex.def)             Requested size: 188.0pt x 155.99922pt.
 [16] [17]
Underfull \hbox (badness 10000) detected at line 51
[][][]
 []


Underfull \hbox (badness 10000) detected at line 72
[][][]
 []

) (./da/d61/classEntity.tex <./dc/da1/classEntity__inherit__graph.pdf>
<dc/da1/classEntity__inherit__graph.pdf, id=2036, 160.6pt x 325.215pt>
File: dc/da1/classEntity__inherit__graph.pdf Graphic file (type pdf)
<use dc/da1/classEntity__inherit__graph.pdf>
Package pdftex.def Info: dc/da1/classEntity__inherit__graph.pdf  used on input 
line 18.
(pdftex.def)             Requested size: 160.0pt x 324.00833pt.
 [18] <./d5/dc2/classEntity__coll__graph.pdf

pdfTeX warning: pdflatex (file ./d5/dc2/classEntity__coll__graph.pdf): PDF incl
usion: multiple pdfs with page group included in a single page
>
<d5/dc2/classEntity__coll__graph.pdf, id=2051, 152.57pt x 156.585pt>
File: d5/dc2/classEntity__coll__graph.pdf Graphic file (type pdf)
<use d5/dc2/classEntity__coll__graph.pdf>
Package pdftex.def Info: d5/dc2/classEntity__coll__graph.pdf  used on input lin
e 27.
(pdftex.def)             Requested size: 152.0pt x 156.0064pt.
 [19] [20]
Underfull \hbox (badness 10000) detected at line 101
[][][]
 []


Underfull \hbox (badness 10000) detected at line 121
[][][]
 []


Overfull \vbox (8.28879pt too high) has occurred while \output is active []


[21]
Underfull \hbox (badness 10000) detected at line 139
[][][]
 []


Underfull \hbox (badness 10000) detected at line 168
[][][]
 []


Underfull \hbox (badness 10000) detected at line 186
[][][]
 []

[22]
Underfull \hbox (badness 10000) detected at line 204
[][][]
 []


Underfull \hbox (badness 10000) detected at line 222
[][][]
 []


Underfull \hbox (badness 10000) detected at line 240
[][][]
 []

[23]
Underfull \hbox (badness 10000) detected at line 258
[][][]
 []


Underfull \hbox (badness 10000) detected at line 286
[][][]
 []

[24]
Underfull \hbox (badness 10000) detected at line 304
[][][]
 []


Underfull \hbox (badness 10000) detected at line 322
[][][]
 []


Underfull \hbox (badness 10000) detected at line 346
[][][]
 []

[25]
Underfull \hbox (badness 10000) detected at line 364
[][][]
 []


Underfull \hbox (badness 10000) detected at line 382
[][][]
 []


Underfull \hbox (badness 10000) detected at line 400
[][][]
 []

[26]
Underfull \hbox (badness 10000) detected at line 427
[][][]
 []


Underfull \hbox (badness 10000) detected at line 445
[][][]
 []


Underfull \hbox (badness 10000) detected at line 463
[][][]
 []

[27]
Underfull \hbox (badness 10000) detected at line 481
[][][]
 []


Underfull \hbox (badness 10000) detected at line 499
[][][]
 []

[28]
Underfull \hbox (badness 10000) detected at line 517
[][][]
 []

) (./dd/d5f/classEntityManager.tex <./d1/d32/classEntityManager__inherit__graph
.pdf

pdfTeX warning: pdflatex (file ./d1/d32/classEntityManager__inherit__graph.pdf)
: PDF inclusion: multiple pdfs with page group included in a single page
>
<d1/d32/classEntityManager__inherit__graph.pdf, id=2248, 160.6pt x 325.215pt>
File: d1/d32/classEntityManager__inherit__graph.pdf Graphic file (type pdf)
<use d1/d32/classEntityManager__inherit__graph.pdf>
Package pdftex.def Info: d1/d32/classEntityManager__inherit__graph.pdf  used on
 input line 9.
(pdftex.def)             Requested size: 160.0pt x 324.00833pt.
 <./df/d6e/classEntityManager__coll__graph.pdf

pdfTeX warning: pdflatex (file ./df/d6e/classEntityManager__coll__graph.pdf): P
DF inclusion: multiple pdfs with page group included in a single page
>
<df/d6e/classEntityManager__coll__graph.pdf, id=2256, 160.6pt x 212.795pt>
File: df/d6e/classEntityManager__coll__graph.pdf Graphic file (type pdf)
<use df/d6e/classEntityManager__coll__graph.pdf>
Package pdftex.def Info: df/d6e/classEntityManager__coll__graph.pdf  used on in
put line 18.
(pdftex.def)             Requested size: 160.0pt x 212.00543pt.
 [29]
LaTeX Font Info:    Font shape `TS1/phv/m/it' in size <9> not available
(Font)              Font shape `TS1/phv/m/sl' tried instead on input line 35.
LaTeX Font Info:    Font shape `TS1/phv/m/sl' will be
(Font)              scaled to size 8.09995pt on input line 35.
 [30]
Underfull \hbox (badness 10000) detected at line 57
[][][]
 []


Underfull \hbox (badness 10000) detected at line 75
[][][]
 []

[31]
Underfull \hbox (badness 10000) detected at line 118
[][][]
 []


Underfull \hbox (badness 10000) detected at line 141
[][][]
 []

[32]
Underfull \hbox (badness 10000) detected at line 159
[][][]
 []


Underfull \hbox (badness 10000) detected at line 177
[][][]
 []

) (./d5/df4/classEntityManagerTest.tex <./d8/d70/classEntityManagerTest__inheri
t__graph.pdf

pdfTeX warning: pdflatex (file ./d8/d70/classEntityManagerTest__inherit__graph.
pdf): PDF inclusion: multiple pdfs with page group included in a single page
>
<d8/d70/classEntityManagerTest__inherit__graph.pdf, id=2342, 178.6675pt x 156.5
85pt>
File: d8/d70/classEntityManagerTest__inherit__graph.pdf Graphic file (type pdf)

<use d8/d70/classEntityManagerTest__inherit__graph.pdf>
Package pdftex.def Info: d8/d70/classEntityManagerTest__inherit__graph.pdf  use
d on input line 9.
(pdftex.def)             Requested size: 178.0pt x 156.00879pt.
 <./d8/d55/classEntityManagerTest__coll__graph.pdf

pdfTeX warning: pdflatex (file ./d8/d55/classEntityManagerTest__coll__graph.pdf
): PDF inclusion: multiple pdfs with page group included in a single page
>
<d8/d55/classEntityManagerTest__coll__graph.pdf, id=2350, 250.9375pt x 282.0537
6pt>
File: d8/d55/classEntityManagerTest__coll__graph.pdf Graphic file (type pdf)
<use d8/d55/classEntityManagerTest__coll__graph.pdf>
Package pdftex.def Info: d8/d55/classEntityManagerTest__coll__graph.pdf  used o
n input line 18.
(pdftex.def)             Requested size: 250.0pt x 281.01584pt.
 [33]) (./df/d2b/classEntityTest.tex <./dc/d1a/classEntityTest__inherit__graph.
pdf>
<dc/d1a/classEntityTest__inherit__graph.pdf, id=2367, 151.56625pt x 156.585pt>
File: dc/d1a/classEntityTest__inherit__graph.pdf Graphic file (type pdf)
<use dc/d1a/classEntityTest__inherit__graph.pdf>
Package pdftex.def Info: dc/d1a/classEntityTest__inherit__graph.pdf  used on in
put line 9.
(pdftex.def)             Requested size: 151.0pt x 156.00162pt.
 [34] <./d0/d96/classEntityTest__coll__graph.pdf>
<d0/d96/classEntityTest__coll__graph.pdf, id=2386, 227.85126pt x 235.88126pt>
File: d0/d96/classEntityTest__coll__graph.pdf Graphic file (type pdf)
<use d0/d96/classEntityTest__coll__graph.pdf>
Package pdftex.def Info: d0/d96/classEntityTest__coll__graph.pdf  used on input
 line 18.
(pdftex.def)             Requested size: 227.0pt x 235.00604pt.
)
(./d4/d2e/classEventEngine.tex <./d8/dc8/classEventEngine__inherit__graph.pdf

pdfTeX warning: pdflatex (file ./d8/dc8/classEventEngine__inherit__graph.pdf): 
PDF inclusion: multiple pdfs with page group included in a single page
>
<d8/dc8/classEventEngine__inherit__graph.pdf, id=2399, 153.57375pt x 156.585pt>

File: d8/dc8/classEventEngine__inherit__graph.pdf Graphic file (type pdf)
<use d8/dc8/classEventEngine__inherit__graph.pdf>
Package pdftex.def Info: d8/dc8/classEventEngine__inherit__graph.pdf  used on i
nput line 18.
(pdftex.def)             Requested size: 153.0pt x 156.00879pt.
 [35] [36]
Underfull \hbox (badness 10000) detected at line 69
[][][]
 []


Underfull \hbox (badness 10000) detected at line 87
[][][]
 []

[37]
Underfull \hbox (badness 10000) detected at line 110
[][][]
 []


Underfull \hbox (badness 10000) detected at line 130
[][][]
 []


Underfull \hbox (badness 10000) detected at line 150
[][][]
 []

[38]
Underfull \hbox (badness 10000) detected at line 168
[][][]
 []


Underfull \hbox (badness 10000) detected at line 186
[][][]
 []


Underfull \hbox (badness 10000) detected at line 204
[][][]
 []


Underfull \hbox (badness 10000) in paragraph at lines 211--212
\T1/pcr/m/n/8 std[]::map$\OML/cmm/m/it/8 <$ \T1/pcr/m/n/8 sf[]::[]Mouse[]::[]Bu
tton, std[]::function$\OML/cmm/m/it/8 <$ \T1/pcr/m/n/8 void()$\OML/cmm/m/it/8 >
$ $>$ \T1/pcr/m/n/8 & Event[]Engine[]::get[]Mouse[]Button[]Pressed[]Map
 []

[39]
Underfull \hbox (badness 10000) detected at line 222
[][][]
 []


Underfull \hbox (badness 10000) detected at line 240
[][][]
 []


Underfull \hbox (badness 10000) detected at line 258
[][][]
 []

[40]) (./d1/db4/classEventTest.tex <./d8/d95/classEventTest__inherit__graph.pdf


pdfTeX warning: pdflatex (file ./d8/d95/classEventTest__inherit__graph.pdf): PD
F inclusion: multiple pdfs with page group included in a single page
>
<d8/d95/classEventTest__inherit__graph.pdf, id=2501, 151.56625pt x 156.585pt>
File: d8/d95/classEventTest__inherit__graph.pdf Graphic file (type pdf)
<use d8/d95/classEventTest__inherit__graph.pdf>
Package pdftex.def Info: d8/d95/classEventTest__inherit__graph.pdf  used on inp
ut line 9.
(pdftex.def)             Requested size: 151.0pt x 156.00162pt.
 <./db/dcb/classEventTest__coll__graph.pdf

pdfTeX warning: pdflatex (file ./db/dcb/classEventTest__coll__graph.pdf): PDF i
nclusion: multiple pdfs with page group included in a single page
>
<db/dcb/classEventTest__coll__graph.pdf, id=2509, 244.915pt x 167.62625pt>
File: db/dcb/classEventTest__coll__graph.pdf Graphic file (type pdf)
<use db/dcb/classEventTest__coll__graph.pdf>
Package pdftex.def Info: db/dcb/classEventTest__coll__graph.pdf  used on input 
line 18.
(pdftex.def)             Requested size: 244.0pt x 167.00427pt.
) (./df/d8d/classGameEngine.tex <./d6/d4a/classGameEngine__inherit__graph.pdf

pdfTeX warning: pdflatex (file ./d6/d4a/classGameEngine__inherit__graph.pdf): P
DF inclusion: multiple pdfs with page group included in a single page
>
<d6/d4a/classGameEngine__inherit__graph.pdf, id=2520, 231.86626pt x 325.215pt>
File: d6/d4a/classGameEngine__inherit__graph.pdf Graphic file (type pdf)
<use d6/d4a/classGameEngine__inherit__graph.pdf>
Package pdftex.def Info: d6/d4a/classGameEngine__inherit__graph.pdf  used on in
put line 18.
(pdftex.def)             Requested size: 231.0pt x 324.00833pt.
 [41] <./d9/d8a/classGameEngine__coll__graph.pdf>
<d9/d8a/classGameEngine__coll__graph.pdf, id=2537, 231.86626pt x 325.215pt>
File: d9/d8a/classGameEngine__coll__graph.pdf Graphic file (type pdf)
<use d9/d8a/classGameEngine__coll__graph.pdf>
Package pdftex.def Info: d9/d8a/classGameEngine__coll__graph.pdf  used on input
 line 27.
(pdftex.def)             Requested size: 231.0pt x 324.00833pt.
 [42] [43] [44]
Underfull \hbox (badness 10000) detected at line 128
[][][]
 []

[45]
Underfull \hbox (badness 10000) detected at line 154
[][][]
 []


Underfull \hbox (badness 10000) detected at line 172
[][][]
 []

[46]
Underfull \hbox (badness 10000) detected at line 195
[][][]
 []


Underfull \hbox (badness 10000) detected at line 213
[][][]
 []


Underfull \hbox (badness 10000) detected at line 231
[][][]
 []

[47]
Underfull \hbox (badness 10000) detected at line 249
[][][]
 []


Underfull \hbox (badness 10000) detected at line 267
[][][]
 []


Underfull \hbox (badness 10000) detected at line 285
[][][]
 []

[48]
Underfull \hbox (badness 10000) detected at line 303
[][][]
 []


Underfull \hbox (badness 10000) detected at line 321
[][][]
 []


Underfull \hbox (badness 10000) detected at line 339
[][][]
 []

[49]
Underfull \hbox (badness 10000) detected at line 357
[][][]
 []


Underfull \hbox (badness 10000) detected at line 375
[][][]
 []


Underfull \hbox (badness 10000) detected at line 393
[][][]
 []

[50]
Underfull \hbox (badness 10000) detected at line 411
[][][]
 []


Underfull \hbox (badness 10000) detected at line 429
[][][]
 []


Underfull \hbox (badness 10000) detected at line 451
[][][]
 []

[51]
Underfull \hbox (badness 10000) detected at line 469
[][][]
 []


Underfull \hbox (badness 10000) detected at line 487
[][][]
 []


Underfull \hbox (badness 10000) detected at line 505
[][][]
 []

[52]
Underfull \hbox (badness 10000) detected at line 523
[][][]
 []


Underfull \hbox (badness 10000) detected at line 541
[][][]
 []


Underfull \hbox (badness 10000) detected at line 559
[][][]
 []

[53]
Underfull \hbox (badness 10000) detected at line 577
[][][]
 []


Underfull \hbox (badness 10000) detected at line 595
[][][]
 []


Underfull \hbox (badness 10000) detected at line 613
[][][]
 []

[54]
Underfull \hbox (badness 10000) detected at line 631
[][][]
 []


Underfull \hbox (badness 10000) detected at line 649
[][][]
 []


Underfull \hbox (badness 10000) detected at line 667
[][][]
 []

[55] [56]
Underfull \hbox (badness 10000) detected at line 689
[][][]
 []


Underfull \hbox (badness 10000) detected at line 707
[][][]
 []


Underfull \hbox (badness 10000) detected at line 725
[][][]
 []

[57]
Underfull \hbox (badness 10000) detected at line 743
[][][]
 []

) (./d5/d6f/classGameEngineTest.tex <./d4/d2e/classGameEngineTest__inherit__gra
ph.pdf

pdfTeX warning: pdflatex (file ./d4/d2e/classGameEngineTest__inherit__graph.pdf
): PDF inclusion: multiple pdfs with page group included in a single page
>
<d4/d2e/classGameEngineTest__inherit__graph.pdf, id=2866, 172.645pt x 156.585pt
>
File: d4/d2e/classGameEngineTest__inherit__graph.pdf Graphic file (type pdf)
<use d4/d2e/classGameEngineTest__inherit__graph.pdf>
Package pdftex.def Info: d4/d2e/classGameEngineTest__inherit__graph.pdf  used o
n input line 9.
(pdftex.def)             Requested size: 172.0pt x 156.00162pt.
 <./dc/da7/classGameEngineTest__coll__graph.pdf

pdfTeX warning: pdflatex (file ./dc/da7/classGameEngineTest__coll__graph.pdf): 
PDF inclusion: multiple pdfs with page group included in a single page
>
<dc/da7/classGameEngineTest__coll__graph.pdf, id=2874, 268.00125pt x 396.48125p
t>
File: dc/da7/classGameEngineTest__coll__graph.pdf Graphic file (type pdf)
<use dc/da7/classGameEngineTest__coll__graph.pdf>
Package pdftex.def Info: dc/da7/classGameEngineTest__coll__graph.pdf  used on i
nput line 18.
(pdftex.def)             Requested size: 267.0pt x 394.99806pt.
 [58]) (./dc/d6c/classITransform.tex <./d2/d2f/classITransform__inherit__graph.
pdf>
<d2/d2f/classITransform__inherit__graph.pdf, id=2893, 176.66pt x 156.585pt>
File: d2/d2f/classITransform__inherit__graph.pdf Graphic file (type pdf)
<use d2/d2f/classITransform__inherit__graph.pdf>
Package pdftex.def Info: d2/d2f/classITransform__inherit__graph.pdf  used on in
put line 18.
(pdftex.def)             Requested size: 176.0pt x 156.00162pt.
 [59] [60]
Underfull \hbox (badness 10000) detected at line 51
[][][]
 []


Underfull \hbox (badness 10000) detected at line 74
[][][]
 []

) (./d2/d2f/classMusic.tex <./da/df1/classMusic__inherit__graph.pdf>
<da/df1/classMusic__inherit__graph.pdf, id=2949, 152.57pt x 156.585pt>
File: da/df1/classMusic__inherit__graph.pdf Graphic file (type pdf)
<use da/df1/classMusic__inherit__graph.pdf>
Package pdftex.def Info: da/df1/classMusic__inherit__graph.pdf  used on input l
ine 18.
(pdftex.def)             Requested size: 152.0pt x 156.0064pt.
 <./d1/dd9/classMusic__coll__graph.pdf

pdfTeX warning: pdflatex (file ./d1/dd9/classMusic__coll__graph.pdf): PDF inclu
sion: multiple pdfs with page group included in a single page
>
<d1/dd9/classMusic__coll__graph.pdf, id=2957, 152.57pt x 156.585pt>
File: d1/dd9/classMusic__coll__graph.pdf Graphic file (type pdf)
<use d1/dd9/classMusic__coll__graph.pdf>
Package pdftex.def Info: d1/dd9/classMusic__coll__graph.pdf  used on input line
 27.
(pdftex.def)             Requested size: 152.0pt x 156.0064pt.
 [61] [62]
Underfull \hbox (badness 10000) detected at line 90
[][][]
 []


Underfull \hbox (badness 10000) detected at line 108
[][][]
 []

[63]
Underfull \hbox (badness 10000) detected at line 129
[][][]
 []


Underfull \hbox (badness 10000) detected at line 147
[][][]
 []


Underfull \hbox (badness 10000) detected at line 169
[][][]
 []

[64]
Underfull \hbox (badness 10000) detected at line 187
[][][]
 []


Underfull \hbox (badness 10000) detected at line 205
[][][]
 []


Underfull \hbox (badness 10000) detected at line 223
[][][]
 []

[65]
Underfull \hbox (badness 10000) detected at line 241
[][][]
 []


Underfull \hbox (badness 10000) detected at line 263
[][][]
 []


Underfull \hbox (badness 10000) detected at line 281
[][][]
 []

[66]
Underfull \hbox (badness 10000) detected at line 299
[][][]
 []


Underfull \hbox (badness 10000) detected at line 317
[][][]
 []


Underfull \hbox (badness 845) in paragraph at lines 328--329
[][][]\T1/phv/m/n/10 : Ini-tial-ize the sf[]::[]Music of the
 []

[67]
Underfull \hbox (badness 10000) detected at line 337
[][][]
 []


Underfull \hbox (badness 10000) detected at line 355
[][][]
 []


Underfull \hbox (badness 10000) detected at line 373
[][][]
 []

[68]
Underfull \hbox (badness 10000) detected at line 391
[][][]
 []

) (./de/d3e/classMusicTests.tex <./d2/d93/classMusicTests__inherit__graph.pdf

pdfTeX warning: pdflatex (file ./d2/d93/classMusicTests__inherit__graph.pdf): P
DF inclusion: multiple pdfs with page group included in a single page
>
<d2/d93/classMusicTests__inherit__graph.pdf, id=3108, 151.56625pt x 156.585pt>
File: d2/d93/classMusicTests__inherit__graph.pdf Graphic file (type pdf)
<use d2/d93/classMusicTests__inherit__graph.pdf>
Package pdftex.def Info: d2/d93/classMusicTests__inherit__graph.pdf  used on in
put line 9.
(pdftex.def)             Requested size: 151.0pt x 156.00162pt.
 <./d8/daa/classMusicTests__coll__graph.pdf

pdfTeX warning: pdflatex (file ./d8/daa/classMusicTests__coll__graph.pdf): PDF 
inclusion: multiple pdfs with page group included in a single page
>
<d8/daa/classMusicTests__coll__graph.pdf, id=3116, 227.85126pt x 224.84pt>
File: d8/daa/classMusicTests__coll__graph.pdf Graphic file (type pdf)
<use d8/daa/classMusicTests__coll__graph.pdf>
Package pdftex.def Info: d8/daa/classMusicTests__coll__graph.pdf  used on input
 line 18.
(pdftex.def)             Requested size: 227.0pt x 224.00577pt.
 [69]) (./d7/dc9/classRect.tex

Package hyperref Warning: Token not allowed in a PDF string (Unicode):
(hyperref)                removing `math shift' on input line 1.


Package hyperref Warning: Token not allowed in a PDF string (Unicode):
(hyperref)                removing `math shift' on input line 1.


Package hyperref Warning: Token not allowed in a PDF string (Unicode):
(hyperref)                removing `math shift' on input line 1.


Package hyperref Warning: Token not allowed in a PDF string (Unicode):
(hyperref)                removing `math shift' on input line 1.

[70]
Underfull \hbox (badness 10000) detected at line 69
[][][]
 []

[71]
Underfull \hbox (badness 10000) detected at line 93
[][][]
 []


Underfull \hbox (badness 10000) detected at line 122
[][][]
 []

[72]
Underfull \hbox (badness 10000) detected at line 146
[][][]
 []


Underfull \hbox (badness 10000) detected at line 170
[][][]
 []


Underfull \hbox (badness 10000) detected at line 189
[][][]
 []

[73]
Underfull \hbox (badness 10000) detected at line 213
[][][]
 []


Underfull \hbox (badness 10000) detected at line 237
[][][]
 []

) (./d0/d44/classScript.tex) (./df/d49/classSound.tex [74] <./d0/d37/classSound
__inherit__graph.pdf

pdfTeX warning: pdflatex (file ./d0/d37/classSound__inherit__graph.pdf): PDF in
clusion: multiple pdfs with page group included in a single page
>
<d0/d37/classSound__inherit__graph.pdf, id=3230, 152.57pt x 156.585pt>
File: d0/d37/classSound__inherit__graph.pdf Graphic file (type pdf)
<use d0/d37/classSound__inherit__graph.pdf>
Package pdftex.def Info: d0/d37/classSound__inherit__graph.pdf  used on input l
ine 18.
(pdftex.def)             Requested size: 152.0pt x 156.0064pt.
 <./d1/d3f/classSound__coll__graph.pdf

pdfTeX warning: pdflatex (file ./d1/d3f/classSound__coll__graph.pdf): PDF inclu
sion: multiple pdfs with page group included in a single page
>
<d1/d3f/classSound__coll__graph.pdf, id=3238, 152.57pt x 156.585pt>
File: d1/d3f/classSound__coll__graph.pdf Graphic file (type pdf)
<use d1/d3f/classSound__coll__graph.pdf>
Package pdftex.def Info: d1/d3f/classSound__coll__graph.pdf  used on input line
 27.
(pdftex.def)             Requested size: 152.0pt x 156.0064pt.
 [75]
Overfull \vbox (4.87868pt too high) has occurred while \output is active []


[76]
Underfull \hbox (badness 10000) detected at line 92
[][][]
 []


Underfull \hbox (badness 10000) detected at line 110
[][][]
 []


Underfull \hbox (badness 10000) detected at line 131
[][][]
 []

[77]
Underfull \hbox (badness 10000) detected at line 149
[][][]
 []


Underfull \hbox (badness 10000) detected at line 171
[][][]
 []


Underfull \hbox (badness 10000) detected at line 189
[][][]
 []

[78]
Underfull \hbox (badness 10000) detected at line 207
[][][]
 []


Underfull \hbox (badness 10000) detected at line 225
[][][]
 []


Underfull \hbox (badness 10000) detected at line 247
[][][]
 []

[79]
Underfull \hbox (badness 10000) detected at line 265
[][][]
 []


Underfull \hbox (badness 10000) detected at line 283
[][][]
 []


Underfull \hbox (badness 10000) detected at line 301
[][][]
 []

[80]
Underfull \hbox (badness 10000) detected at line 319
[][][]
 []


Underfull \hbox (badness 10000) detected at line 337
[][][]
 []


Underfull \hbox (badness 10000) detected at line 357
[][][]
 []

[81]
Underfull \hbox (badness 10000) detected at line 375
[][][]
 []


Underfull \hbox (badness 10000) detected at line 393
[][][]
 []


Underfull \hbox (badness 10000) detected at line 411
[][][]
 []

[82]) (./da/d72/classSoundTest.tex <./de/da6/classSoundTest__inherit__graph.pdf


pdfTeX warning: pdflatex (file ./de/da6/classSoundTest__inherit__graph.pdf): PD
F inclusion: multiple pdfs with page group included in a single page
>
<de/da6/classSoundTest__inherit__graph.pdf, id=3394, 151.56625pt x 156.585pt>
File: de/da6/classSoundTest__inherit__graph.pdf Graphic file (type pdf)
<use de/da6/classSoundTest__inherit__graph.pdf>
Package pdftex.def Info: de/da6/classSoundTest__inherit__graph.pdf  used on inp
ut line 9.
(pdftex.def)             Requested size: 151.0pt x 156.00162pt.
 <./dc/d1e/classSoundTest__coll__graph.pdf

pdfTeX warning: pdflatex (file ./dc/d1e/classSoundTest__coll__graph.pdf): PDF i
nclusion: multiple pdfs with page group included in a single page
>
<dc/d1e/classSoundTest__coll__graph.pdf, id=3403, 228.855pt x 224.84pt>
File: dc/d1e/classSoundTest__coll__graph.pdf Graphic file (type pdf)
<use dc/d1e/classSoundTest__coll__graph.pdf>
Package pdftex.def Info: dc/d1e/classSoundTest__coll__graph.pdf  used on input 
line 18.
(pdftex.def)             Requested size: 228.0pt x 224.00919pt.
 [83]) (./d1/d6d/classSprite.tex <./d2/d4a/classSprite__inherit__graph.pdf>
<d2/d4a/classSprite__inherit__graph.pdf, id=3424, 420.57124pt x 212.795pt>
File: d2/d4a/classSprite__inherit__graph.pdf Graphic file (type pdf)
<use d2/d4a/classSprite__inherit__graph.pdf>
Package pdftex.def Info: d2/d4a/classSprite__inherit__graph.pdf  used on input 
line 18.
(pdftex.def)             Requested size: 350.0pt x 177.0906pt.
 <./de/dae/classSprite__coll__graph.pdf

pdfTeX warning: pdflatex (file ./de/dae/classSprite__coll__graph.pdf): PDF incl
usion: multiple pdfs with page group included in a single page
>
<de/dae/classSprite__coll__graph.pdf, id=3432, 420.57124pt x 212.795pt>
File: de/dae/classSprite__coll__graph.pdf Graphic file (type pdf)
<use de/dae/classSprite__coll__graph.pdf>
Package pdftex.def Info: de/dae/classSprite__coll__graph.pdf  used on input lin
e 27.
(pdftex.def)             Requested size: 350.0pt x 177.0906pt.
 [84] [85]
Underfull \hbox (badness 10000) detected at line 82
[][][]
 []


Underfull \hbox (badness 10000) detected at line 100
[][][]
 []


Underfull \hbox (badness 10000) detected at line 121
[][][]
 []

[86]
Underfull \hbox (badness 10000) detected at line 139
[][][]
 []


Underfull \hbox (badness 10000) detected at line 161
[][][]
 []


Underfull \hbox (badness 10000) detected at line 183
[][][]
 []

[87]
Underfull \hbox (badness 10000) detected at line 201
[][][]
 []


Underfull \hbox (badness 10000) detected at line 223
[][][]
 []

[88]
Underfull \hbox (badness 10000) detected at line 245
[][][]
 []


Underfull \hbox (badness 10000) detected at line 263
[][][]
 []


Underfull \hbox (badness 10000) detected at line 291
[][][]
 []

[89]
Underfull \hbox (badness 10000) detected at line 309
[][][]
 []


Underfull \hbox (badness 10000) detected at line 327
[][][]
 []

) (./d0/d88/classSpriteTest.tex <./d2/d92/classSpriteTest__inherit__graph.pdf

pdfTeX warning: pdflatex (file ./d2/d92/classSpriteTest__inherit__graph.pdf): P
DF inclusion: multiple pdfs with page group included in a single page
>
<d2/d92/classSpriteTest__inherit__graph.pdf, id=3567, 151.56625pt x 156.585pt>
File: d2/d92/classSpriteTest__inherit__graph.pdf Graphic file (type pdf)
<use d2/d92/classSpriteTest__inherit__graph.pdf>
Package pdftex.def Info: d2/d92/classSpriteTest__inherit__graph.pdf  used on in
put line 9.
(pdftex.def)             Requested size: 151.0pt x 156.00162pt.
 [90] <./dd/dd9/classSpriteTest__coll__graph.pdf

pdfTeX warning: pdflatex (file ./dd/dd9/classSpriteTest__coll__graph.pdf): PDF 
inclusion: multiple pdfs with page group included in a single page
>
<dd/dd9/classSpriteTest__coll__graph.pdf, id=3581, 420.57124pt x 282.05376pt>
File: dd/dd9/classSpriteTest__coll__graph.pdf Graphic file (type pdf)
<use dd/dd9/classSpriteTest__coll__graph.pdf>
Package pdftex.def Info: dd/dd9/classSpriteTest__coll__graph.pdf  used on input
 line 18.
(pdftex.def)             Requested size: 350.0pt x 234.72859pt.
) (./da/db9/classTestRect.tex <./db/dee/classTestRect__inherit__graph.pdf

pdfTeX warning: pdflatex (file ./db/dee/classTestRect__inherit__graph.pdf): PDF
 inclusion: multiple pdfs with page group included in a single page
>
<db/dee/classTestRect__inherit__graph.pdf, id=3590, 151.56625pt x 156.585pt>
File: db/dee/classTestRect__inherit__graph.pdf Graphic file (type pdf)
<use db/dee/classTestRect__inherit__graph.pdf>
Package pdftex.def Info: db/dee/classTestRect__inherit__graph.pdf  used on inpu
t line 9.
(pdftex.def)             Requested size: 151.0pt x 156.00162pt.
 [91] <./d5/dce/classTestRect__coll__graph.pdf>
<d5/dce/classTestRect__coll__graph.pdf, id=3607, 244.915pt x 167.62625pt>
File: d5/dce/classTestRect__coll__graph.pdf Graphic file (type pdf)
<use d5/dce/classTestRect__coll__graph.pdf>
Package pdftex.def Info: d5/dce/classTestRect__coll__graph.pdf  used on input l
ine 18.
(pdftex.def)             Requested size: 244.0pt x 167.00427pt.
) (./d9/d94/classTesttoSFML.tex <./d1/ddd/classTesttoSFML__inherit__graph.pdf

pdfTeX warning: pdflatex (file ./d1/ddd/classTesttoSFML__inherit__graph.pdf): P
DF inclusion: multiple pdfs with page group included in a single page
>
<d1/ddd/classTesttoSFML__inherit__graph.pdf, id=3618, 151.56625pt x 156.585pt>
File: d1/ddd/classTesttoSFML__inherit__graph.pdf Graphic file (type pdf)
<use d1/ddd/classTesttoSFML__inherit__graph.pdf>
Package pdftex.def Info: d1/ddd/classTesttoSFML__inherit__graph.pdf  used on in
put line 9.
(pdftex.def)             Requested size: 151.0pt x 156.00162pt.
 [92] <./da/d74/classTesttoSFML__coll__graph.pdf>
<da/d74/classTesttoSFML__coll__graph.pdf, id=3635, 220.825pt x 167.62625pt>
File: da/d74/classTesttoSFML__coll__graph.pdf Graphic file (type pdf)
<use da/d74/classTesttoSFML__coll__graph.pdf>
Package pdftex.def Info: da/d74/classTesttoSFML__coll__graph.pdf  used on input
 line 18.
(pdftex.def)             Requested size: 220.0pt x 167.00684pt.
)
(./da/d16/classTestVector2.tex <./d5/d9d/classTestVector2__inherit__graph.pdf

pdfTeX warning: pdflatex (file ./d5/d9d/classTestVector2__inherit__graph.pdf): 
PDF inclusion: multiple pdfs with page group included in a single page
>
<d5/d9d/classTestVector2__inherit__graph.pdf, id=3645, 151.56625pt x 156.585pt>

File: d5/d9d/classTestVector2__inherit__graph.pdf Graphic file (type pdf)
<use d5/d9d/classTestVector2__inherit__graph.pdf>
Package pdftex.def Info: d5/d9d/classTestVector2__inherit__graph.pdf  used on i
nput line 9.
(pdftex.def)             Requested size: 151.0pt x 156.00162pt.
 [93] <./da/d37/classTestVector2__coll__graph.pdf>
<da/d37/classTestVector2__coll__graph.pdf, id=3663, 256.96pt x 167.62625pt>
File: da/d37/classTestVector2__coll__graph.pdf Graphic file (type pdf)
<use da/d37/classTestVector2__coll__graph.pdf>
Package pdftex.def Info: da/d37/classTestVector2__coll__graph.pdf  used on inpu
t line 18.
(pdftex.def)             Requested size: 256.0pt x 167.01195pt.
)
(./d8/d7e/classTestWorld.tex <./dd/d40/classTestWorld__inherit__graph.pdf

pdfTeX warning: pdflatex (file ./dd/d40/classTestWorld__inherit__graph.pdf): PD
F inclusion: multiple pdfs with page group included in a single page
>
<dd/d40/classTestWorld__inherit__graph.pdf, id=3673, 151.56625pt x 156.585pt>
File: dd/d40/classTestWorld__inherit__graph.pdf Graphic file (type pdf)
<use dd/d40/classTestWorld__inherit__graph.pdf>
Package pdftex.def Info: dd/d40/classTestWorld__inherit__graph.pdf  used on inp
ut line 9.
(pdftex.def)             Requested size: 151.0pt x 156.00162pt.
 [94] <./d9/d3d/classTestWorld__coll__graph.pdf>
<d9/d3d/classTestWorld__coll__graph.pdf, id=3690, 230.8625pt x 339.2675pt>
File: d9/d3d/classTestWorld__coll__graph.pdf Graphic file (type pdf)
<use d9/d3d/classTestWorld__coll__graph.pdf>
Package pdftex.def Info: d9/d3d/classTestWorld__coll__graph.pdf  used on input 
line 18.
(pdftex.def)             Requested size: 230.0pt x 338.00351pt.
) (./df/d53/classText.tex
[95] <./d7/d80/classText__inherit__graph.pdf>
<d7/d80/classText__inherit__graph.pdf, id=3710, 356.33125pt x 212.795pt>
File: d7/d80/classText__inherit__graph.pdf Graphic file (type pdf)
<use d7/d80/classText__inherit__graph.pdf>
Package pdftex.def Info: d7/d80/classText__inherit__graph.pdf  used on input li
ne 18.
(pdftex.def)             Requested size: 350.0pt x 209.02145pt.
 <./d6/d3f/classText__coll__graph.pdf

pdfTeX warning: pdflatex (file ./d6/d3f/classText__coll__graph.pdf): PDF inclus
ion: multiple pdfs with page group included in a single page
>
<d6/d3f/classText__coll__graph.pdf, id=3718, 356.33125pt x 212.795pt>
File: d6/d3f/classText__coll__graph.pdf Graphic file (type pdf)
<use d6/d3f/classText__coll__graph.pdf>
Package pdftex.def Info: d6/d3f/classText__coll__graph.pdf  used on input line 
27.
(pdftex.def)             Requested size: 350.0pt x 209.02145pt.
 [96] [97]
Underfull \hbox (badness 10000) detected at line 102
[][][]
 []


Underfull \hbox (badness 10000) detected at line 120
[][][]
 []

[98]
Underfull \hbox (badness 10000) detected at line 141
[][][]
 []


Underfull \hbox (badness 10000) detected at line 159
[][][]
 []


Underfull \hbox (badness 10000) detected at line 181
[][][]
 []

[99]
Underfull \hbox (badness 10000) detected at line 203
[][][]
 []


Underfull \hbox (badness 10000) detected at line 221
[][][]
 []


Underfull \hbox (badness 10000) detected at line 239
[][][]
 []

[100]
Underfull \hbox (badness 10000) detected at line 257
[][][]
 []


Underfull \hbox (badness 10000) detected at line 275
[][][]
 []


Underfull \hbox (badness 10000) detected at line 293
[][][]
 []

[101]
Underfull \hbox (badness 10000) detected at line 311
[][][]
 []


Underfull \hbox (badness 10000) detected at line 333
[][][]
 []

[102]
Underfull \hbox (badness 10000) detected at line 355
[][][]
 []


Underfull \hbox (badness 10000) detected at line 373
[][][]
 []


Underfull \hbox (badness 10000) detected at line 393
[][][]
 []

[103]
Underfull \hbox (badness 10000) detected at line 411
[][][]
 []


Underfull \hbox (badness 10000) detected at line 429
[][][]
 []


Underfull \hbox (badness 10000) detected at line 447
[][][]
 []

[104]
Underfull \hbox (badness 10000) detected at line 475
[][][]
 []


Underfull \hbox (badness 10000) detected at line 505
[][][]
 []

[105]
Underfull \hbox (badness 10000) detected at line 523
[][][]
 []


Underfull \hbox (badness 10000) detected at line 541
[][][]
 []

) (./d7/d44/classTextTest.tex <./d5/d9f/classTextTest__inherit__graph.pdf

pdfTeX warning: pdflatex (file ./d5/d9f/classTextTest__inherit__graph.pdf): PDF
 inclusion: multiple pdfs with page group included in a single page
>
<d5/d9f/classTextTest__inherit__graph.pdf, id=3960, 151.56625pt x 156.585pt>
File: d5/d9f/classTextTest__inherit__graph.pdf Graphic file (type pdf)
<use d5/d9f/classTextTest__inherit__graph.pdf>
Package pdftex.def Info: d5/d9f/classTextTest__inherit__graph.pdf  used on inpu
t line 10.
(pdftex.def)             Requested size: 151.0pt x 156.00162pt.
 [106] <./d5/d91/classTextTest__coll__graph.pdf

pdfTeX warning: pdflatex (file ./d5/d91/classTextTest__coll__graph.pdf): PDF in
clusion: multiple pdfs with page group included in a single page
>
<d5/d91/classTextTest__coll__graph.pdf, id=3974, 356.33125pt x 282.05376pt>
File: d5/d91/classTextTest__coll__graph.pdf Graphic file (type pdf)
<use d5/d91/classTextTest__coll__graph.pdf>
Package pdftex.def Info: d5/d91/classTextTest__coll__graph.pdf  used on input l
ine 20.
(pdftex.def)             Requested size: 350.0pt x 277.05205pt.
) (./da/dc3/classtoSFML.tex [107] <./de/d14/classtoSFML__inherit__graph.pdf>
<de/d14/classtoSFML__inherit__graph.pdf, id=3997, 131.49126pt x 156.585pt>
File: de/d14/classtoSFML__inherit__graph.pdf Graphic file (type pdf)
<use de/d14/classtoSFML__inherit__graph.pdf>
Package pdftex.def Info: de/d14/classtoSFML__inherit__graph.pdf  used on input 
line 18.
(pdftex.def)             Requested size: 131.0pt x 156.0064pt.

[108]
Underfull \hbox (badness 10000) detected at line 53
[][][]
 []


Underfull \hbox (badness 10000) detected at line 71
[][][]
 []

[109]
Underfull \hbox (badness 10000) detected at line 98
[][][]
 []

) (./db/daf/classTransform.tex <./d2/d02/classTransform__inherit__graph.pdf

pdfTeX warning: pdflatex (file ./d2/d02/classTransform__inherit__graph.pdf): PD
F inclusion: multiple pdfs with page group included in a single page
>
<d2/d02/classTransform__inherit__graph.pdf, id=4039, 176.66pt x 212.795pt>
File: d2/d02/classTransform__inherit__graph.pdf Graphic file (type pdf)
<use d2/d02/classTransform__inherit__graph.pdf>
Package pdftex.def Info: d2/d02/classTransform__inherit__graph.pdf  used on inp
ut line 18.
(pdftex.def)             Requested size: 176.0pt x 212.0022pt.
 <./d6/d15/classTransform__coll__graph.pdf

pdfTeX warning: pdflatex (file ./d6/d15/classTransform__coll__graph.pdf): PDF i
nclusion: multiple pdfs with page group included in a single page
>
<d6/d15/classTransform__coll__graph.pdf, id=4047, 152.57pt x 156.585pt>
File: d6/d15/classTransform__coll__graph.pdf Graphic file (type pdf)
<use d6/d15/classTransform__coll__graph.pdf>
Package pdftex.def Info: d6/d15/classTransform__coll__graph.pdf  used on input 
line 27.
(pdftex.def)             Requested size: 152.0pt x 156.0064pt.
 [110] [111]
Underfull \hbox (badness 10000) detected at line 86
[][][]
 []


Underfull \hbox (badness 10000) detected at line 104
[][][]
 []


Underfull \hbox (badness 10000) detected at line 125
[][][]
 []

[112] [113]
Underfull \hbox (badness 10000) detected at line 143
[][][]
 []


Underfull \hbox (badness 10000) detected at line 165
[][][]
 []


Underfull \hbox (badness 10000) detected at line 183
[][][]
 []

[114]
Underfull \hbox (badness 10000) detected at line 201
[][][]
 []


Underfull \hbox (badness 10000) detected at line 219
[][][]
 []


Underfull \hbox (badness 10000) detected at line 237
[][][]
 []

[115]
Underfull \hbox (badness 10000) detected at line 259
[][][]
 []


Underfull \hbox (badness 10000) detected at line 277
[][][]
 []


Underfull \hbox (badness 10000) detected at line 295
[][][]
 []

[116] [117]
Underfull \hbox (badness 10000) detected at line 313
[][][]
 []


Underfull \hbox (badness 10000) detected at line 335
[][][]
 []


Underfull \hbox (badness 10000) detected at line 353
[][][]
 []

[118]) (./d6/d2b/classTransformTest.tex <./d4/db6/classTransformTest__inherit__
graph.pdf

pdfTeX warning: pdflatex (file ./d4/db6/classTransformTest__inherit__graph.pdf)
: PDF inclusion: multiple pdfs with page group included in a single page
>
<d4/db6/classTransformTest__inherit__graph.pdf, id=4197, 160.6pt x 156.585pt>
File: d4/db6/classTransformTest__inherit__graph.pdf Graphic file (type pdf)
<use d4/db6/classTransformTest__inherit__graph.pdf>
Package pdftex.def Info: d4/db6/classTransformTest__inherit__graph.pdf  used on
 input line 9.
(pdftex.def)             Requested size: 160.0pt x 156.004pt.
 <./d9/d7b/classTransformTest__coll__graph.pdf

pdfTeX warning: pdflatex (file ./d9/d7b/classTransformTest__coll__graph.pdf): P
DF inclusion: multiple pdfs with page group included in a single page
>
<d9/d7b/classTransformTest__coll__graph.pdf, id=4205, 236.885pt x 224.84pt>
File: d9/d7b/classTransformTest__coll__graph.pdf Graphic file (type pdf)
<use d9/d7b/classTransformTest__coll__graph.pdf>
Package pdftex.def Info: d9/d7b/classTransformTest__coll__graph.pdf  used on in
put line 18.
(pdftex.def)             Requested size: 236.0pt x 224.00577pt.
) (./d8/d0d/classVector2.tex

Package hyperref Warning: Token not allowed in a PDF string (Unicode):
(hyperref)                removing `math shift' on input line 1.


Package hyperref Warning: Token not allowed in a PDF string (Unicode):
(hyperref)                removing `math shift' on input line 1.


Package hyperref Warning: Token not allowed in a PDF string (Unicode):
(hyperref)                removing `math shift' on input line 1.


Package hyperref Warning: Token not allowed in a PDF string (Unicode):
(hyperref)                removing `math shift' on input line 1.

[119] [120]
Underfull \hbox (badness 10000) detected at line 65
[][][]
 []


Underfull \hbox (badness 10000) detected at line 91
[][][]
 []

[121]
Underfull \hbox (badness 10000) detected at line 115
[][][]
 []


Underfull \hbox (badness 10000) detected at line 137
[][][]
 []

[122]
Underfull \hbox (badness 10000) detected at line 193
[][][]
 []

[123]
Underfull \hbox (badness 10000) detected at line 217
[][][]
 []

) (./d6/d39/classWorld.tex <./da/d9b/classWorld__inherit__graph.pdf

pdfTeX warning: pdflatex (file ./da/d9b/classWorld__inherit__graph.pdf): PDF in
clusion: multiple pdfs with page group included in a single page
>
<da/d9b/classWorld__inherit__graph.pdf, id=4309, 160.6pt x 325.215pt>
File: da/d9b/classWorld__inherit__graph.pdf Graphic file (type pdf)
<use da/d9b/classWorld__inherit__graph.pdf>
Package pdftex.def Info: da/d9b/classWorld__inherit__graph.pdf  used on input l
ine 18.
(pdftex.def)             Requested size: 160.0pt x 324.00833pt.
 <./d1/d1c/classWorld__coll__graph.pdf

pdfTeX warning: pdflatex (file ./d1/d1c/classWorld__coll__graph.pdf): PDF inclu
sion: multiple pdfs with page group included in a single page
>
<d1/d1c/classWorld__coll__graph.pdf, id=4317, 160.6pt x 269.005pt>
File: d1/d1c/classWorld__coll__graph.pdf Graphic file (type pdf)
<use d1/d1c/classWorld__coll__graph.pdf>
Package pdftex.def Info: d1/d1c/classWorld__coll__graph.pdf  used on input line
 27.
(pdftex.def)             Requested size: 160.0pt x 268.00688pt.
 [124] [125]
Underfull \hbox (badness 10000) detected at line 77
[][][]
 []


Underfull \hbox (badness 10000) detected at line 95
[][][]
 []

[126]
Underfull \hbox (badness 10000) detected at line 116
[][][]
 []


Underfull \hbox (badness 10000) in paragraph at lines 123--124
|  \T1/pcr/m/n/8 std[]::map$\OML/cmm/m/it/8 <$ \T1/pcr/m/n/8 std[]::string, std
[]::pair$\OML/cmm/m/it/8 <$ \T1/pcr/m/n/8 std[]::unique[]_[]ptr$\OML/cmm/m/it/8
 <$ [] $>$\T1/pcr/m/n/8 , std[]::vector$\OML/cmm/m/it/8 <$
 []


Underfull \hbox (badness 10000) detected at line 136
[][][]
 []

[127]
Underfull \hbox (badness 10000) detected at line 154
[][][]
 []


Underfull \hbox (badness 10000) detected at line 172
[][][]
 []


Underfull \hbox (badness 10000) detected at line 190
[][][]
 []

[128]
Underfull \hbox (badness 10000) detected at line 208
[][][]
 []


Underfull \hbox (badness 10000) detected at line 226
[][][]
 []


Underfull \hbox (badness 10000) detected at line 248
[][][]
 []

) [129] [130

] (./refman.ind [131


] [132] [133] [134] [135] [136

]) (./refman.aux)
Package rerunfilecheck Info: File `refman.out' has not changed.
(rerunfilecheck)             Checksum: 37E33D319F5CD66219E33A5E7E98330A;61299.
 ) 
Here is how much of TeX's memory you used:
 19805 strings out of 480247
 344294 string characters out of 5896152
 677180 words of memory out of 5000000
 36171 multiletter control sequences out of 15000+600000
 534158 words of font info for 116 fonts, out of 8000000 for 9000
 14 hyphenation exceptions out of 8191
 99i,16n,117p,681b,633s stack positions out of 5000i,500n,10000p,200000b,80000s
{/usr/share/texlive/texmf-dist/fonts/enc/dvips/base/8r.enc}</usr/share/texliv
e/texmf-dist/fonts/type1/public/amsfonts/cm/cmmi10.pfb></usr/share/texlive/texm
f-dist/fonts/type1/public/amsfonts/cm/cmmi12.pfb></usr/share/texlive/texmf-dist
/fonts/type1/public/amsfonts/cm/cmmi7.pfb></usr/share/texlive/texmf-dist/fonts/
type1/public/amsfonts/cm/cmmi8.pfb></usr/share/texlive/texmf-dist/fonts/type1/p
ublic/amsfonts/cm/cmmi9.pfb></usr/share/texlive/texmf-dist/fonts/type1/public/a
msfonts/cm/cmsy10.pfb></usr/share/texlive/texmf-dist/fonts/type1/public/amsfont
s/cm/cmsy7.pfb></usr/share/texlive/texmf-dist/fonts/type1/public/amsfonts/cm/cm
sy8.pfb></usr/share/texlive/texmf-dist/fonts/type1/urw/courier/ucrb8a.pfb></usr
/share/texlive/texmf-dist/fonts/type1/urw/courier/ucrr8a.pfb></usr/share/texliv
e/texmf-dist/fonts/type1/urw/courier/ucrro8a.pfb></usr/share/texlive/texmf-dist
/fonts/type1/urw/helvetic/uhvb8a.pfb></usr/share/texlive/texmf-dist/fonts/type1
/urw/helvetic/uhvb8ac.pfb></usr/share/texlive/texmf-dist/fonts/type1/urw/helvet
ic/uhvr8a.pfb></usr/share/texlive/texmf-dist/fonts/type1/urw/helvetic/uhvro8a.p
fb>
Output written on refman.pdf (146 pages, 923584 bytes).
PDF statistics:
 5176 PDF objects out of 6186 (max. 8388607)
 4727 compressed objects within 48 object streams
 1046 named destinations out of 1200 (max. 500000)
 2667 words of extra memory for PDF output out of 10000 (max. 10000000)

